2024-10-03 00:01:47,803 INFO o.a.j.u.JMeterUtils: Setting Locale to en_EN
2024-10-03 00:01:47,811 INFO o.a.j.JMeter: Loading user properties from: /opt/homebrew/Cellar/jmeter/5.6.3/libexec/bin/user.properties
2024-10-03 00:01:47,812 INFO o.a.j.JMeter: Loading system properties from: /opt/homebrew/Cellar/jmeter/5.6.3/libexec/bin/system.properties
2024-10-03 00:01:47,814 INFO o.a.j.JMeter: Copyright (c) 1998-2024 The Apache Software Foundation
2024-10-03 00:01:47,814 INFO o.a.j.JMeter: Version 5.6.3
2024-10-03 00:01:47,814 INFO o.a.j.JMeter: java.version=21.0.4
2024-10-03 00:01:47,814 INFO o.a.j.JMeter: java.vm.name=OpenJDK 64-Bit Server VM
2024-10-03 00:01:47,814 INFO o.a.j.JMeter: os.name=Mac OS X
2024-10-03 00:01:47,814 INFO o.a.j.JMeter: os.arch=aarch64
2024-10-03 00:01:47,814 INFO o.a.j.JMeter: os.version=14.6.1
2024-10-03 00:01:47,814 INFO o.a.j.JMeter: file.encoding=UTF-8
2024-10-03 00:01:47,814 INFO o.a.j.JMeter: java.awt.headless=true
2024-10-03 00:01:47,814 INFO o.a.j.JMeter: Max memory     =1073741824
2024-10-03 00:01:47,814 INFO o.a.j.JMeter: Available Processors =10
2024-10-03 00:01:47,819 INFO o.a.j.JMeter: Default Locale=English (EN)
2024-10-03 00:01:47,819 INFO o.a.j.JMeter: JMeter  Locale=English (EN)
2024-10-03 00:01:47,819 INFO o.a.j.JMeter: JMeterHome=/opt/homebrew/Cellar/jmeter/5.6.3/libexec
2024-10-03 00:01:47,819 INFO o.a.j.JMeter: user.dir  =/Users/kalaiyarasan/Documents/JMETER/JmeterZucitechPocOCT_3/JmeterPOC_ZT
2024-10-03 00:01:47,819 INFO o.a.j.JMeter: PWD       =/Users/kalaiyarasan/Documents/JMETER/JmeterZucitechPocOCT_3/JmeterPOC_ZT
2024-10-03 00:01:47,820 INFO o.a.j.JMeter: IP: 127.0.0.1 Name: Kalai-MacBook-Pro.local FullName: localhost
2024-10-03 00:01:47,826 INFO o.a.j.s.FileServer: Default base='/Users/kalaiyarasan/Documents/JMETER/JmeterZucitechPocOCT_3/JmeterPOC_ZT'
2024-10-03 00:01:47,827 INFO o.a.j.s.FileServer: Set new base='/Users/kalaiyarasan/Documents/JMETER/JmeterZucitechPocOCT_3/JmeterPOC_ZT/src/test/jmeter'
2024-10-03 00:01:47,910 INFO o.a.j.s.SaveService: Testplan (JMX) version: 2.2. Testlog (JTL) version: 2.2
2024-10-03 00:01:47,930 INFO o.a.j.s.SaveService: Using SaveService properties version 5.0
2024-10-03 00:01:47,931 INFO o.a.j.s.SaveService: Using SaveService properties file encoding UTF-8
2024-10-03 00:01:47,933 INFO o.a.j.s.SaveService: Loading file: /Users/kalaiyarasan/Documents/JMETER/JmeterZucitechPocOCT_3/JmeterPOC_ZT/src/test/jmeter/page-load.jmx
2024-10-03 00:01:47,964 INFO o.a.j.p.h.s.HTTPSamplerBase: Parser for text/html is org.apache.jmeter.protocol.http.parser.LagartoBasedHtmlParser
2024-10-03 00:01:47,964 INFO o.a.j.p.h.s.HTTPSamplerBase: Parser for application/xhtml+xml is org.apache.jmeter.protocol.http.parser.LagartoBasedHtmlParser
2024-10-03 00:01:47,964 INFO o.a.j.p.h.s.HTTPSamplerBase: Parser for application/xml is org.apache.jmeter.protocol.http.parser.LagartoBasedHtmlParser
2024-10-03 00:01:47,964 INFO o.a.j.p.h.s.HTTPSamplerBase: Parser for text/xml is org.apache.jmeter.protocol.http.parser.LagartoBasedHtmlParser
2024-10-03 00:01:47,964 INFO o.a.j.p.h.s.HTTPSamplerBase: Parser for text/vnd.wap.wml is org.apache.jmeter.protocol.http.parser.RegexpHTMLParser
2024-10-03 00:01:47,964 INFO o.a.j.p.h.s.HTTPSamplerBase: Parser for text/css is org.apache.jmeter.protocol.http.parser.CssParser
2024-10-03 00:01:47,965 INFO o.a.j.p.h.c.CacheManager: Will only cache the following methods: [GET]
2024-10-03 00:01:47,978 INFO o.a.j.JMeter: Creating summariser <summary>
2024-10-03 00:01:47,983 INFO o.a.j.e.StandardJMeterEngine: Running the test!
2024-10-03 00:01:47,983 INFO o.a.j.s.SampleEvent: List of sample_variables: []
2024-10-03 00:01:47,983 INFO o.a.j.s.SampleEvent: List of sample_variables: []
2024-10-03 00:01:47,985 INFO o.a.j.e.u.CompoundVariable: Note: Function class names must contain the string: '.functions.'
2024-10-03 00:01:47,985 INFO o.a.j.e.u.CompoundVariable: Note: Function class names must not contain the string: '.gui.'
2024-10-03 00:01:48,012 INFO o.a.j.r.ClassFinder: Will scan jar /opt/homebrew/Cellar/jmeter/5.6.3/libexec/lib/ext/jmeter-plugins-manager-1.9.jar with filter ExtendsClassFilter [parents=[interface org.apache.jmeter.functions.Function], inner=false, contains=null, notContains=null]. Consider exposing JMeter plugins via META-INF/services, and add JMeter-Skip-Class-Scanning=true manifest attribute so JMeter can skip classfile scanning
2024-10-03 00:01:48,051 INFO o.a.j.JMeter: Running test (1727893908051)
2024-10-03 00:01:48,061 INFO o.a.j.e.StandardJMeterEngine: Starting ThreadGroup: 1 : Page Load
2024-10-03 00:01:48,061 INFO o.a.j.e.StandardJMeterEngine: Starting 100 threads for group Page Load.
2024-10-03 00:01:48,061 INFO o.a.j.e.StandardJMeterEngine: Thread will continue on error
2024-10-03 00:01:48,061 INFO o.a.j.t.ThreadGroup: Starting thread group... number=1 threads=100 ramp-up=1 delayedStart=false
2024-10-03 00:01:48,078 INFO o.a.j.t.ThreadGroup: Started thread group number 1
2024-10-03 00:01:48,078 INFO o.a.j.e.StandardJMeterEngine: All thread groups have been started
2024-10-03 00:01:48,107 INFO o.a.j.t.JMeterThread: Thread started: Page Load 1-1
2024-10-03 00:01:48,110 INFO o.a.j.s.FileServer: Stored: url-list.txt
2024-10-03 00:01:48,117 INFO o.a.j.t.JMeterThread: Thread started: Page Load 1-2
2024-10-03 00:01:48,124 INFO o.a.j.p.h.s.HTTPHCAbstractImpl: Local host = Kalai-MacBook-Pro.local
2024-10-03 00:01:48,126 INFO o.a.j.p.h.s.HTTPHC4Impl: HTTP request retry count = 0
2024-10-03 00:01:48,126 INFO o.a.j.t.JMeterThread: Thread started: Page Load 1-3
2024-10-03 00:01:48,127 INFO o.a.j.s.SampleResult: Note: Sample TimeStamps are START times
2024-10-03 00:01:48,127 INFO o.a.j.s.SampleResult: sampleresult.default.encoding is set to UTF-8
2024-10-03 00:01:48,127 INFO o.a.j.s.SampleResult: sampleresult.useNanoTime=true
2024-10-03 00:01:48,127 INFO o.a.j.s.SampleResult: sampleresult.nanoThreadSleep=5000
2024-10-03 00:01:48,143 INFO o.a.j.t.JMeterThread: Thread started: Page Load 1-4
2024-10-03 00:01:48,150 INFO o.a.j.t.JMeterThread: Thread started: Page Load 1-5
2024-10-03 00:01:48,161 INFO o.a.j.t.JMeterThread: Thread started: Page Load 1-6
2024-10-03 00:01:48,170 INFO o.a.j.t.JMeterThread: Thread started: Page Load 1-7
2024-10-03 00:01:48,178 INFO o.a.j.t.JMeterThread: Thread started: Page Load 1-8
2024-10-03 00:01:48,189 INFO o.a.j.t.JMeterThread: Thread started: Page Load 1-9
2024-10-03 00:01:48,198 INFO o.a.j.t.JMeterThread: Thread started: Page Load 1-10
2024-10-03 00:01:48,208 INFO o.a.j.t.JMeterThread: Thread started: Page Load 1-11
2024-10-03 00:01:48,219 INFO o.a.j.t.JMeterThread: Thread started: Page Load 1-12
2024-10-03 00:01:48,227 INFO o.a.j.t.JMeterThread: Thread started: Page Load 1-13
2024-10-03 00:01:48,238 INFO o.a.j.t.JMeterThread: Thread started: Page Load 1-14
2024-10-03 00:01:48,249 INFO o.a.j.t.JMeterThread: Thread started: Page Load 1-15
2024-10-03 00:01:48,259 INFO o.a.j.t.JMeterThread: Thread started: Page Load 1-16
2024-10-03 00:01:48,268 INFO o.a.j.t.JMeterThread: Thread started: Page Load 1-17
2024-10-03 00:01:48,277 INFO o.a.j.t.JMeterThread: Thread started: Page Load 1-18
2024-10-03 00:01:48,285 INFO o.a.j.t.JMeterThread: Thread started: Page Load 1-19
2024-10-03 00:01:48,298 INFO o.a.j.t.JMeterThread: Thread started: Page Load 1-20
2024-10-03 00:01:48,303 INFO o.a.j.t.JMeterThread: Thread started: Page Load 1-21
2024-10-03 00:01:48,318 INFO o.a.j.t.JMeterThread: Thread started: Page Load 1-22
2024-10-03 00:01:48,319 INFO o.a.j.p.h.s.h.LazyLayeredConnectionSocketFactory: Setting up HTTPS TrustAll Socket Factory
2024-10-03 00:01:48,322 INFO o.a.j.u.JsseSSLManager: Using default SSL protocol: TLS
2024-10-03 00:01:48,322 INFO o.a.j.u.JsseSSLManager: SSL session context: per-thread
2024-10-03 00:01:48,327 INFO o.a.j.t.JMeterThread: Thread started: Page Load 1-23
2024-10-03 00:01:48,337 INFO o.a.j.t.JMeterThread: Thread started: Page Load 1-24
2024-10-03 00:01:48,346 INFO o.a.j.t.JMeterThread: Thread started: Page Load 1-25
2024-10-03 00:01:48,352 INFO o.a.j.t.JMeterThread: Thread started: Page Load 1-26
2024-10-03 00:01:48,366 INFO o.a.j.t.JMeterThread: Thread started: Page Load 1-27
2024-10-03 00:01:48,375 INFO o.a.j.t.JMeterThread: Thread started: Page Load 1-28
2024-10-03 00:01:48,386 INFO o.a.j.t.JMeterThread: Thread started: Page Load 1-29
2024-10-03 00:01:48,395 INFO o.a.j.t.JMeterThread: Thread started: Page Load 1-30
2024-10-03 00:01:48,405 INFO o.a.j.t.JMeterThread: Thread started: Page Load 1-31
2024-10-03 00:01:48,414 INFO o.a.j.t.JMeterThread: Thread started: Page Load 1-32
2024-10-03 00:01:48,424 INFO o.a.j.t.JMeterThread: Thread started: Page Load 1-33
2024-10-03 00:01:48,433 INFO o.a.j.t.JMeterThread: Thread started: Page Load 1-34
2024-10-03 00:01:48,444 INFO o.a.j.t.JMeterThread: Thread started: Page Load 1-35
2024-10-03 00:01:48,455 INFO o.a.j.t.JMeterThread: Thread started: Page Load 1-36
2024-10-03 00:01:48,465 INFO o.a.j.t.JMeterThread: Thread started: Page Load 1-37
2024-10-03 00:01:48,473 INFO o.a.j.t.JMeterThread: Thread started: Page Load 1-38
2024-10-03 00:01:48,484 INFO o.a.j.t.JMeterThread: Thread started: Page Load 1-39
2024-10-03 00:01:48,494 INFO o.a.j.t.JMeterThread: Thread started: Page Load 1-40
2024-10-03 00:01:48,504 INFO o.a.j.t.JMeterThread: Thread started: Page Load 1-41
2024-10-03 00:01:48,515 INFO o.a.j.t.JMeterThread: Thread started: Page Load 1-42
2024-10-03 00:01:48,519 INFO o.a.j.t.JMeterThread: Thread started: Page Load 1-43
2024-10-03 00:01:48,520 INFO o.a.j.u.SSLManager: JmeterKeyStore Location:  type JKS
2024-10-03 00:01:48,522 INFO o.a.j.u.SSLManager: KeyStore created OK
2024-10-03 00:01:48,522 WARN o.a.j.u.SSLManager: Keystore file not found, loading empty keystore
2024-10-03 00:01:48,533 INFO o.a.j.t.JMeterThread: Thread started: Page Load 1-44
2024-10-03 00:01:48,542 INFO o.a.j.t.JMeterThread: Thread started: Page Load 1-45
2024-10-03 00:01:48,553 INFO o.a.j.t.JMeterThread: Thread started: Page Load 1-46
2024-10-03 00:01:48,564 INFO o.a.j.t.JMeterThread: Thread started: Page Load 1-47
2024-10-03 00:01:48,568 INFO o.a.j.t.JMeterThread: Thread started: Page Load 1-48
2024-10-03 00:01:48,583 INFO o.a.j.t.JMeterThread: Thread started: Page Load 1-49
2024-10-03 00:01:48,593 INFO o.a.j.t.JMeterThread: Thread started: Page Load 1-50
2024-10-03 00:01:48,603 INFO o.a.j.t.JMeterThread: Thread started: Page Load 1-51
2024-10-03 00:01:48,612 INFO o.a.j.t.JMeterThread: Thread started: Page Load 1-52
2024-10-03 00:01:48,622 INFO o.a.j.t.JMeterThread: Thread started: Page Load 1-53
2024-10-03 00:01:48,633 INFO o.a.j.t.JMeterThread: Thread started: Page Load 1-54
2024-10-03 00:01:48,636 INFO o.a.j.t.JMeterThread: Thread started: Page Load 1-55
2024-10-03 00:01:48,652 INFO o.a.j.t.JMeterThread: Thread started: Page Load 1-56
2024-10-03 00:01:48,661 INFO o.a.j.t.JMeterThread: Thread started: Page Load 1-57
2024-10-03 00:01:48,670 INFO o.a.j.t.JMeterThread: Thread started: Page Load 1-58
2024-10-03 00:01:48,679 INFO o.a.j.t.JMeterThread: Thread started: Page Load 1-59
2024-10-03 00:01:48,690 INFO o.a.j.t.JMeterThread: Thread started: Page Load 1-60
2024-10-03 00:01:48,700 INFO o.a.j.t.JMeterThread: Thread started: Page Load 1-61
2024-10-03 00:01:48,709 INFO o.a.j.t.JMeterThread: Thread started: Page Load 1-62
2024-10-03 00:01:48,721 INFO o.a.j.t.JMeterThread: Thread started: Page Load 1-63
2024-10-03 00:01:48,731 INFO o.a.j.t.JMeterThread: Thread started: Page Load 1-64
2024-10-03 00:01:48,737 INFO o.a.j.t.JMeterThread: Thread started: Page Load 1-65
2024-10-03 00:01:48,745 INFO o.a.j.t.JMeterThread: Thread started: Page Load 1-66
2024-10-03 00:01:48,758 INFO o.a.j.t.JMeterThread: Thread started: Page Load 1-67
2024-10-03 00:01:48,769 INFO o.a.j.t.JMeterThread: Thread started: Page Load 1-68
2024-10-03 00:01:48,780 INFO o.a.j.t.JMeterThread: Thread started: Page Load 1-69
2024-10-03 00:01:48,792 INFO o.a.j.t.JMeterThread: Thread started: Page Load 1-70
2024-10-03 00:01:48,797 INFO o.a.j.t.JMeterThread: Thread started: Page Load 1-71
2024-10-03 00:01:48,809 INFO o.a.j.t.JMeterThread: Thread started: Page Load 1-72
2024-10-03 00:01:48,822 INFO o.a.j.t.JMeterThread: Thread started: Page Load 1-73
2024-10-03 00:01:48,832 INFO o.a.j.t.JMeterThread: Thread started: Page Load 1-74
2024-10-03 00:01:48,842 INFO o.a.j.t.JMeterThread: Thread started: Page Load 1-75
2024-10-03 00:01:48,848 INFO o.a.j.t.JMeterThread: Thread started: Page Load 1-76
2024-10-03 00:01:48,859 INFO o.a.j.t.JMeterThread: Thread started: Page Load 1-77
2024-10-03 00:01:48,864 INFO o.a.j.t.JMeterThread: Thread started: Page Load 1-78
2024-10-03 00:01:48,873 INFO o.a.j.t.JMeterThread: Thread started: Page Load 1-79
2024-10-03 00:01:48,888 INFO o.a.j.t.JMeterThread: Thread started: Page Load 1-80
2024-10-03 00:01:48,898 INFO o.a.j.t.JMeterThread: Thread started: Page Load 1-81
2024-10-03 00:01:48,906 INFO o.a.j.t.JMeterThread: Thread started: Page Load 1-82
2024-10-03 00:01:48,915 INFO o.a.j.t.JMeterThread: Thread started: Page Load 1-83
2024-10-03 00:01:48,926 INFO o.a.j.t.JMeterThread: Thread started: Page Load 1-84
2024-10-03 00:01:48,936 INFO o.a.j.t.JMeterThread: Thread started: Page Load 1-85
2024-10-03 00:01:48,947 INFO o.a.j.t.JMeterThread: Thread started: Page Load 1-86
2024-10-03 00:01:48,955 INFO o.a.j.t.JMeterThread: Thread started: Page Load 1-87
2024-10-03 00:01:48,966 INFO o.a.j.t.JMeterThread: Thread started: Page Load 1-88
2024-10-03 00:01:48,976 INFO o.a.j.t.JMeterThread: Thread started: Page Load 1-89
2024-10-03 00:01:48,986 INFO o.a.j.t.JMeterThread: Thread started: Page Load 1-90
2024-10-03 00:01:48,991 INFO o.a.j.t.JMeterThread: Thread started: Page Load 1-91
2024-10-03 00:01:49,006 INFO o.a.j.t.JMeterThread: Thread started: Page Load 1-92
2024-10-03 00:01:49,015 INFO o.a.j.t.JMeterThread: Thread started: Page Load 1-93
2024-10-03 00:01:49,026 INFO o.a.j.t.JMeterThread: Thread started: Page Load 1-94
2024-10-03 00:01:49,036 INFO o.a.j.t.JMeterThread: Thread started: Page Load 1-95
2024-10-03 00:01:49,045 INFO o.a.j.t.JMeterThread: Thread started: Page Load 1-96
2024-10-03 00:01:49,051 INFO o.a.j.t.JMeterThread: Thread started: Page Load 1-97
2024-10-03 00:01:49,062 INFO o.a.j.t.JMeterThread: Thread started: Page Load 1-98
2024-10-03 00:01:49,075 INFO o.a.j.t.JMeterThread: Thread started: Page Load 1-99
2024-10-03 00:01:49,085 INFO o.a.j.t.JMeterThread: Thread started: Page Load 1-100
2024-10-03 00:01:51,785 INFO o.a.j.t.JMeterThread: Thread is done: Page Load 1-20
2024-10-03 00:01:51,785 INFO o.a.j.t.JMeterThread: Thread finished: Page Load 1-20
2024-10-03 00:01:52,201 INFO o.a.j.t.JMeterThread: Thread is done: Page Load 1-12
2024-10-03 00:01:52,201 INFO o.a.j.t.JMeterThread: Thread finished: Page Load 1-12
2024-10-03 00:01:52,287 INFO o.a.j.t.JMeterThread: Thread is done: Page Load 1-24
2024-10-03 00:01:52,287 INFO o.a.j.t.JMeterThread: Thread finished: Page Load 1-24
2024-10-03 00:01:52,309 INFO o.a.j.t.JMeterThread: Thread is done: Page Load 1-80
2024-10-03 00:01:52,309 INFO o.a.j.t.JMeterThread: Thread finished: Page Load 1-80
2024-10-03 00:01:52,349 INFO o.a.j.t.JMeterThread: Thread is done: Page Load 1-52
2024-10-03 00:01:52,350 INFO o.a.j.t.JMeterThread: Thread finished: Page Load 1-52
2024-10-03 00:01:52,701 INFO o.a.j.t.JMeterThread: Thread is done: Page Load 1-96
2024-10-03 00:01:52,701 INFO o.a.j.t.JMeterThread: Thread finished: Page Load 1-96
2024-10-03 00:01:52,775 INFO o.a.j.t.JMeterThread: Thread is done: Page Load 1-64
2024-10-03 00:01:52,775 INFO o.a.j.t.JMeterThread: Thread finished: Page Load 1-64
2024-10-03 00:01:52,826 INFO o.a.j.t.JMeterThread: Thread is done: Page Load 1-65
2024-10-03 00:01:52,826 INFO o.a.j.t.JMeterThread: Thread finished: Page Load 1-65
2024-10-03 00:01:52,886 INFO o.a.j.t.JMeterThread: Thread is done: Page Load 1-8
2024-10-03 00:01:52,886 INFO o.a.j.t.JMeterThread: Thread finished: Page Load 1-8
2024-10-03 00:01:53,110 INFO o.a.j.t.JMeterThread: Thread is done: Page Load 1-17
2024-10-03 00:01:53,110 INFO o.a.j.t.JMeterThread: Thread finished: Page Load 1-17
2024-10-03 00:01:53,171 INFO o.a.j.t.JMeterThread: Thread is done: Page Load 1-40
2024-10-03 00:01:53,171 INFO o.a.j.t.JMeterThread: Thread finished: Page Load 1-40
2024-10-03 00:01:53,172 INFO o.a.j.t.JMeterThread: Thread is done: Page Load 1-60
2024-10-03 00:01:53,172 INFO o.a.j.t.JMeterThread: Thread finished: Page Load 1-60
2024-10-03 00:01:53,424 INFO o.a.j.t.JMeterThread: Thread is done: Page Load 1-44
2024-10-03 00:01:53,424 INFO o.a.j.t.JMeterThread: Thread finished: Page Load 1-44
2024-10-03 00:01:53,436 INFO o.a.j.t.JMeterThread: Thread is done: Page Load 1-84
2024-10-03 00:01:53,436 INFO o.a.j.t.JMeterThread: Thread finished: Page Load 1-84
2024-10-03 00:01:53,511 INFO o.a.j.t.JMeterThread: Thread is done: Page Load 1-41
2024-10-03 00:01:53,512 INFO o.a.j.t.JMeterThread: Thread finished: Page Load 1-41
2024-10-03 00:01:53,615 INFO o.a.j.t.JMeterThread: Thread is done: Page Load 1-4
2024-10-03 00:01:53,615 INFO o.a.j.t.JMeterThread: Thread finished: Page Load 1-4
2024-10-03 00:01:53,671 INFO o.a.j.t.JMeterThread: Thread is done: Page Load 1-23
2024-10-03 00:01:53,671 INFO o.a.j.t.JMeterThread: Thread finished: Page Load 1-23
2024-10-03 00:01:53,693 INFO o.a.j.t.JMeterThread: Thread is done: Page Load 1-7
2024-10-03 00:01:53,693 INFO o.a.j.t.JMeterThread: Thread finished: Page Load 1-7
2024-10-03 00:01:53,734 INFO o.a.j.t.JMeterThread: Thread is done: Page Load 1-100
2024-10-03 00:01:53,734 INFO o.a.j.t.JMeterThread: Thread finished: Page Load 1-100
2024-10-03 00:01:53,779 INFO o.a.j.t.JMeterThread: Thread is done: Page Load 1-32
2024-10-03 00:01:53,779 INFO o.a.j.t.JMeterThread: Thread finished: Page Load 1-32
2024-10-03 00:01:53,816 INFO o.a.j.t.JMeterThread: Thread is done: Page Load 1-57
2024-10-03 00:01:53,817 INFO o.a.j.t.JMeterThread: Thread finished: Page Load 1-57
2024-10-03 00:01:53,834 INFO o.a.j.t.JMeterThread: Thread is done: Page Load 1-9
2024-10-03 00:01:53,834 INFO o.a.j.t.JMeterThread: Thread finished: Page Load 1-9
2024-10-03 00:01:53,934 INFO o.a.j.t.JMeterThread: Thread is done: Page Load 1-48
2024-10-03 00:01:53,934 INFO o.a.j.t.JMeterThread: Thread finished: Page Load 1-48
2024-10-03 00:01:53,978 INFO o.a.j.t.JMeterThread: Thread is done: Page Load 1-21
2024-10-03 00:01:53,979 INFO o.a.j.t.JMeterThread: Thread finished: Page Load 1-21
2024-10-03 00:01:53,982 INFO o.a.j.t.JMeterThread: Thread is done: Page Load 1-59
2024-10-03 00:01:53,982 INFO o.a.j.t.JMeterThread: Thread finished: Page Load 1-59
2024-10-03 00:01:54,001 INFO o.a.j.t.JMeterThread: Thread is done: Page Load 1-56
2024-10-03 00:01:54,001 INFO o.a.j.t.JMeterThread: Thread finished: Page Load 1-56
2024-10-03 00:01:54,310 INFO o.a.j.t.JMeterThread: Thread is done: Page Load 1-28
2024-10-03 00:01:54,310 INFO o.a.j.t.JMeterThread: Thread finished: Page Load 1-28
2024-10-03 00:01:54,330 INFO o.a.j.t.JMeterThread: Thread is done: Page Load 1-97
2024-10-03 00:01:54,330 INFO o.a.j.t.JMeterThread: Thread finished: Page Load 1-97
2024-10-03 00:01:54,399 INFO o.a.j.t.JMeterThread: Thread is done: Page Load 1-53
2024-10-03 00:01:54,399 INFO o.a.j.t.JMeterThread: Thread finished: Page Load 1-53
2024-10-03 00:01:54,449 INFO o.a.j.t.JMeterThread: Thread is done: Page Load 1-29
2024-10-03 00:01:54,449 INFO o.a.j.t.JMeterThread: Thread finished: Page Load 1-29
2024-10-03 00:01:54,482 INFO o.a.j.t.JMeterThread: Thread is done: Page Load 1-16
2024-10-03 00:01:54,482 INFO o.a.j.t.JMeterThread: Thread finished: Page Load 1-16
2024-10-03 00:01:54,489 INFO o.a.j.t.JMeterThread: Thread is done: Page Load 1-39
2024-10-03 00:01:54,489 INFO o.a.j.t.JMeterThread: Thread finished: Page Load 1-39
2024-10-03 00:01:54,603 INFO o.a.j.t.JMeterThread: Thread is done: Page Load 1-45
2024-10-03 00:01:54,603 INFO o.a.j.t.JMeterThread: Thread finished: Page Load 1-45
2024-10-03 00:01:54,635 INFO o.a.j.t.JMeterThread: Thread is done: Page Load 1-38
2024-10-03 00:01:54,635 INFO o.a.j.t.JMeterThread: Thread finished: Page Load 1-38
2024-10-03 00:01:54,735 INFO o.a.j.t.JMeterThread: Thread is done: Page Load 1-69
2024-10-03 00:01:54,735 INFO o.a.j.t.JMeterThread: Thread finished: Page Load 1-69
2024-10-03 00:01:54,755 INFO o.a.j.t.JMeterThread: Thread is done: Page Load 1-87
2024-10-03 00:01:54,755 INFO o.a.j.t.JMeterThread: Thread finished: Page Load 1-87
2024-10-03 00:01:54,788 INFO o.a.j.t.JMeterThread: Thread is done: Page Load 1-61
2024-10-03 00:01:54,788 INFO o.a.j.t.JMeterThread: Thread finished: Page Load 1-61
2024-10-03 00:01:54,876 INFO o.a.j.t.JMeterThread: Thread is done: Page Load 1-51
2024-10-03 00:01:54,876 INFO o.a.j.t.JMeterThread: Thread finished: Page Load 1-51
2024-10-03 00:01:55,069 INFO o.a.j.t.JMeterThread: Thread is done: Page Load 1-36
2024-10-03 00:01:55,069 INFO o.a.j.t.JMeterThread: Thread finished: Page Load 1-36
2024-10-03 00:01:55,076 INFO o.a.j.t.JMeterThread: Thread is done: Page Load 1-43
2024-10-03 00:01:55,076 INFO o.a.j.t.JMeterThread: Thread finished: Page Load 1-43
2024-10-03 00:01:55,090 INFO o.a.j.t.JMeterThread: Thread is done: Page Load 1-73
2024-10-03 00:01:55,090 INFO o.a.j.t.JMeterThread: Thread finished: Page Load 1-73
2024-10-03 00:01:55,095 INFO o.a.j.t.JMeterThread: Thread is done: Page Load 1-14
2024-10-03 00:01:55,095 INFO o.a.j.t.JMeterThread: Thread finished: Page Load 1-14
2024-10-03 00:01:55,179 INFO o.a.j.t.JMeterThread: Thread is done: Page Load 1-77
2024-10-03 00:01:55,179 INFO o.a.j.t.JMeterThread: Thread finished: Page Load 1-77
2024-10-03 00:01:55,196 INFO o.a.j.t.JMeterThread: Thread is done: Page Load 1-76
2024-10-03 00:01:55,196 INFO o.a.j.t.JMeterThread: Thread finished: Page Load 1-76
2024-10-03 00:01:55,236 INFO o.a.j.t.JMeterThread: Thread is done: Page Load 1-19
2024-10-03 00:01:55,236 INFO o.a.j.t.JMeterThread: Thread finished: Page Load 1-19
2024-10-03 00:01:55,241 INFO o.a.j.t.JMeterThread: Thread is done: Page Load 1-92
2024-10-03 00:01:55,241 INFO o.a.j.t.JMeterThread: Thread finished: Page Load 1-92
2024-10-03 00:01:55,298 INFO o.a.j.t.JMeterThread: Thread is done: Page Load 1-88
2024-10-03 00:01:55,298 INFO o.a.j.t.JMeterThread: Thread finished: Page Load 1-88
2024-10-03 00:01:55,403 INFO o.a.j.t.JMeterThread: Thread is done: Page Load 1-91
2024-10-03 00:01:55,403 INFO o.a.j.t.JMeterThread: Thread finished: Page Load 1-91
2024-10-03 00:01:55,403 INFO o.a.j.t.JMeterThread: Thread is done: Page Load 1-68
2024-10-03 00:01:55,404 INFO o.a.j.t.JMeterThread: Thread finished: Page Load 1-68
2024-10-03 00:01:55,491 INFO o.a.j.t.JMeterThread: Thread is done: Page Load 1-63
2024-10-03 00:01:55,492 INFO o.a.j.t.JMeterThread: Thread finished: Page Load 1-63
2024-10-03 00:01:55,583 INFO o.a.j.t.JMeterThread: Thread is done: Page Load 1-49
2024-10-03 00:01:55,583 INFO o.a.j.t.JMeterThread: Thread finished: Page Load 1-49
2024-10-03 00:01:55,628 INFO o.a.j.t.JMeterThread: Thread is done: Page Load 1-1
2024-10-03 00:01:55,628 INFO o.a.j.t.JMeterThread: Thread finished: Page Load 1-1
2024-10-03 00:01:55,635 INFO o.a.j.t.JMeterThread: Thread is done: Page Load 1-81
2024-10-03 00:01:55,635 INFO o.a.j.t.JMeterThread: Thread finished: Page Load 1-81
2024-10-03 00:01:55,636 INFO o.a.j.t.JMeterThread: Thread is done: Page Load 1-95
2024-10-03 00:01:55,636 INFO o.a.j.t.JMeterThread: Thread finished: Page Load 1-95
2024-10-03 00:01:55,710 INFO o.a.j.t.JMeterThread: Thread is done: Page Load 1-62
2024-10-03 00:01:55,710 INFO o.a.j.t.JMeterThread: Thread finished: Page Load 1-62
2024-10-03 00:01:55,849 INFO o.a.j.t.JMeterThread: Thread is done: Page Load 1-37
2024-10-03 00:01:55,849 INFO o.a.j.t.JMeterThread: Thread finished: Page Load 1-37
2024-10-03 00:01:55,855 INFO o.a.j.t.JMeterThread: Thread is done: Page Load 1-72
2024-10-03 00:01:55,855 INFO o.a.j.t.JMeterThread: Thread finished: Page Load 1-72
2024-10-03 00:01:55,888 INFO o.a.j.t.JMeterThread: Thread is done: Page Load 1-5
2024-10-03 00:01:55,888 INFO o.a.j.t.JMeterThread: Thread finished: Page Load 1-5
2024-10-03 00:01:55,926 INFO o.a.j.t.JMeterThread: Thread is done: Page Load 1-22
2024-10-03 00:01:55,926 INFO o.a.j.t.JMeterThread: Thread finished: Page Load 1-22
2024-10-03 00:01:55,957 INFO o.a.j.t.JMeterThread: Thread is done: Page Load 1-89
2024-10-03 00:01:55,957 INFO o.a.j.t.JMeterThread: Thread finished: Page Load 1-89
2024-10-03 00:01:56,043 INFO o.a.j.t.JMeterThread: Thread is done: Page Load 1-71
2024-10-03 00:01:56,043 INFO o.a.j.t.JMeterThread: Thread finished: Page Load 1-71
2024-10-03 00:01:56,044 INFO o.a.j.t.JMeterThread: Thread is done: Page Load 1-79
2024-10-03 00:01:56,044 INFO o.a.j.t.JMeterThread: Thread finished: Page Load 1-79
2024-10-03 00:01:56,103 INFO o.a.j.t.JMeterThread: Thread is done: Page Load 1-35
2024-10-03 00:01:56,103 INFO o.a.j.t.JMeterThread: Thread finished: Page Load 1-35
2024-10-03 00:01:56,122 INFO o.a.j.t.JMeterThread: Thread is done: Page Load 1-10
2024-10-03 00:01:56,122 INFO o.a.j.t.JMeterThread: Thread finished: Page Load 1-10
2024-10-03 00:01:56,164 INFO o.a.j.t.JMeterThread: Thread is done: Page Load 1-67
2024-10-03 00:01:56,164 INFO o.a.j.t.JMeterThread: Thread finished: Page Load 1-67
2024-10-03 00:01:56,354 INFO o.a.j.t.JMeterThread: Thread is done: Page Load 1-33
2024-10-03 00:01:56,354 INFO o.a.j.t.JMeterThread: Thread finished: Page Load 1-33
2024-10-03 00:01:56,442 INFO o.a.j.t.JMeterThread: Thread is done: Page Load 1-25
2024-10-03 00:01:56,442 INFO o.a.j.t.JMeterThread: Thread finished: Page Load 1-25
2024-10-03 00:01:56,474 INFO o.a.j.t.JMeterThread: Thread is done: Page Load 1-13
2024-10-03 00:01:56,474 INFO o.a.j.t.JMeterThread: Thread finished: Page Load 1-13
2024-10-03 00:01:56,501 INFO o.a.j.t.JMeterThread: Thread is done: Page Load 1-6
2024-10-03 00:01:56,501 INFO o.a.j.t.JMeterThread: Thread finished: Page Load 1-6
2024-10-03 00:01:56,515 INFO o.a.j.t.JMeterThread: Thread is done: Page Load 1-83
2024-10-03 00:01:56,515 INFO o.a.j.t.JMeterThread: Thread finished: Page Load 1-83
2024-10-03 00:01:56,555 INFO o.a.j.t.JMeterThread: Thread is done: Page Load 1-15
2024-10-03 00:01:56,555 INFO o.a.j.t.JMeterThread: Thread finished: Page Load 1-15
2024-10-03 00:01:56,566 INFO o.a.j.t.JMeterThread: Thread is done: Page Load 1-99
2024-10-03 00:01:56,566 INFO o.a.j.t.JMeterThread: Thread finished: Page Load 1-99
2024-10-03 00:01:56,837 INFO o.a.j.t.JMeterThread: Thread is done: Page Load 1-42
2024-10-03 00:01:56,837 INFO o.a.j.t.JMeterThread: Thread finished: Page Load 1-42
2024-10-03 00:01:56,896 INFO o.a.j.t.JMeterThread: Thread is done: Page Load 1-70
2024-10-03 00:01:56,896 INFO o.a.j.t.JMeterThread: Thread finished: Page Load 1-70
2024-10-03 00:01:56,977 INFO o.a.j.t.JMeterThread: Thread is done: Page Load 1-74
2024-10-03 00:01:56,978 INFO o.a.j.t.JMeterThread: Thread finished: Page Load 1-74
2024-10-03 00:01:57,011 INFO o.a.j.t.JMeterThread: Thread is done: Page Load 1-11
2024-10-03 00:01:57,011 INFO o.a.j.t.JMeterThread: Thread finished: Page Load 1-11
2024-10-03 00:01:57,012 INFO o.a.j.t.JMeterThread: Thread is done: Page Load 1-75
2024-10-03 00:01:57,012 INFO o.a.j.t.JMeterThread: Thread finished: Page Load 1-75
2024-10-03 00:01:57,060 INFO o.a.j.t.JMeterThread: Thread is done: Page Load 1-47
2024-10-03 00:01:57,060 INFO o.a.j.t.JMeterThread: Thread finished: Page Load 1-47
2024-10-03 00:01:57,151 INFO o.a.j.t.JMeterThread: Thread is done: Page Load 1-93
2024-10-03 00:01:57,151 INFO o.a.j.t.JMeterThread: Thread finished: Page Load 1-93
2024-10-03 00:01:57,235 INFO o.a.j.t.JMeterThread: Thread is done: Page Load 1-94
2024-10-03 00:01:57,235 INFO o.a.j.t.JMeterThread: Thread finished: Page Load 1-94
2024-10-03 00:01:57,253 INFO o.a.j.t.JMeterThread: Thread is done: Page Load 1-18
2024-10-03 00:01:57,253 INFO o.a.j.t.JMeterThread: Thread is done: Page Load 1-34
2024-10-03 00:01:57,253 INFO o.a.j.t.JMeterThread: Thread finished: Page Load 1-18
2024-10-03 00:01:57,253 INFO o.a.j.t.JMeterThread: Thread finished: Page Load 1-34
2024-10-03 00:01:57,310 INFO o.a.j.t.JMeterThread: Thread is done: Page Load 1-46
2024-10-03 00:01:57,310 INFO o.a.j.t.JMeterThread: Thread finished: Page Load 1-46
2024-10-03 00:01:57,413 INFO o.a.j.t.JMeterThread: Thread is done: Page Load 1-85
2024-10-03 00:01:57,413 INFO o.a.j.t.JMeterThread: Thread finished: Page Load 1-85
2024-10-03 00:01:57,523 INFO o.a.j.t.JMeterThread: Thread is done: Page Load 1-66
2024-10-03 00:01:57,523 INFO o.a.j.t.JMeterThread: Thread finished: Page Load 1-66
2024-10-03 00:01:57,587 INFO o.a.j.t.JMeterThread: Thread is done: Page Load 1-54
2024-10-03 00:01:57,587 INFO o.a.j.t.JMeterThread: Thread finished: Page Load 1-54
2024-10-03 00:01:57,590 INFO o.a.j.t.JMeterThread: Thread is done: Page Load 1-3
2024-10-03 00:01:57,590 INFO o.a.j.t.JMeterThread: Thread finished: Page Load 1-3
2024-10-03 00:01:57,664 INFO o.a.j.t.JMeterThread: Thread is done: Page Load 1-27
2024-10-03 00:01:57,664 INFO o.a.j.t.JMeterThread: Thread finished: Page Load 1-27
2024-10-03 00:01:57,718 INFO o.a.j.t.JMeterThread: Thread is done: Page Load 1-31
2024-10-03 00:01:57,718 INFO o.a.j.t.JMeterThread: Thread finished: Page Load 1-31
2024-10-03 00:01:57,719 INFO o.a.j.t.JMeterThread: Thread is done: Page Load 1-90
2024-10-03 00:01:57,719 INFO o.a.j.t.JMeterThread: Thread finished: Page Load 1-90
2024-10-03 00:01:57,731 INFO o.a.j.t.JMeterThread: Thread is done: Page Load 1-26
2024-10-03 00:01:57,731 INFO o.a.j.t.JMeterThread: Thread finished: Page Load 1-26
2024-10-03 00:01:57,936 INFO o.a.j.t.JMeterThread: Thread is done: Page Load 1-78
2024-10-03 00:01:57,937 INFO o.a.j.t.JMeterThread: Thread finished: Page Load 1-78
2024-10-03 00:01:58,173 INFO o.a.j.t.JMeterThread: Thread is done: Page Load 1-98
2024-10-03 00:01:58,174 INFO o.a.j.t.JMeterThread: Thread finished: Page Load 1-98
2024-10-03 00:01:58,205 INFO o.a.j.t.JMeterThread: Thread is done: Page Load 1-55
2024-10-03 00:01:58,205 INFO o.a.j.t.JMeterThread: Thread finished: Page Load 1-55
2024-10-03 00:01:58,263 INFO o.a.j.t.JMeterThread: Thread is done: Page Load 1-86
2024-10-03 00:01:58,263 INFO o.a.j.t.JMeterThread: Thread finished: Page Load 1-86
2024-10-03 00:01:58,533 INFO o.a.j.t.JMeterThread: Thread is done: Page Load 1-50
2024-10-03 00:01:58,534 INFO o.a.j.t.JMeterThread: Thread finished: Page Load 1-50
2024-10-03 00:01:58,816 INFO o.a.j.t.JMeterThread: Thread is done: Page Load 1-58
2024-10-03 00:01:58,816 INFO o.a.j.t.JMeterThread: Thread finished: Page Load 1-58
2024-10-03 00:01:59,084 INFO o.a.j.t.JMeterThread: Thread is done: Page Load 1-2
2024-10-03 00:01:59,084 INFO o.a.j.t.JMeterThread: Thread finished: Page Load 1-2
2024-10-03 00:01:59,109 INFO o.a.j.t.JMeterThread: Thread is done: Page Load 1-82
2024-10-03 00:01:59,109 INFO o.a.j.t.JMeterThread: Thread finished: Page Load 1-82
2024-10-03 00:01:59,417 INFO o.a.j.t.JMeterThread: Thread is done: Page Load 1-30
2024-10-03 00:01:59,417 INFO o.a.j.t.JMeterThread: Thread finished: Page Load 1-30
2024-10-03 00:01:59,418 INFO o.a.j.e.StandardJMeterEngine: Notifying test listeners of end of test
2024-10-03 00:01:59,418 INFO o.a.j.s.FileServer: Close: url-list.txt
2024-10-03 00:01:59,420 INFO o.a.j.r.Summariser: summary =    200 in 00:00:11 =   17.6/s Avg:  3458 Min:  1342 Max:  6969 Err:     0 (0.00%)
